JAVA_HOME = C:\src\ClassicUO\tools\ghidra\jdk\jdk-21.0.11+10
Project   = C:\src\ClassicUO\tools\ghidra\project
Out JSONL = C:\src\ClassicUO\tools\ghidra\ghidra_full.jsonl
Out INDEX = C:\src\ClassicUO\tools\ghidra\ghidra_full_index.json

Re-opening existing project (auto-analysis cached) -> C:\src\ClassicUO\tools\ghidra\project\UOSA_proj.gpr
INFO  Using log config file: jar:file:/C:/src/ClassicUO/tools/ghidra/ghidra_12.1_PUBLIC/Ghidra/Framework/Generic/lib/Generic.jar!/generic.log4j.xml (LoggingInitialization)  
INFO  Using log file: C:\Users\konss\AppData\Roaming\ghidra\ghidra_12.1_PUBLIC\application.log (LoggingInitialization)  
INFO  Loading user preferences: C:\Users\konss\AppData\Roaming\ghidra\ghidra_12.1_PUBLIC\preferences (Preferences)  
INFO  Searching for classes... (ClassSearcher)  
INFO  Class search complete (416 ms) (ClassSearcher)  
INFO  Initializing SSL Context (DefaultSSLContextInitializer)  
INFO  Initializing Random Number Generator... (SecureRandomFactory)  
INFO  Random Number Generator initialization complete: SHA1PRNG (SecureRandomFactory)  
INFO  Trust manager disabled, cacerts have not been set (DefaultTrustManagerFactory)  
INFO  Headless startup complete (1333 ms) (AnalyzeHeadless)  
INFO  Class searcher loaded 59 extension points (20 false positives) (ClassSearcher)  
INFO  HEADLESS Script Paths:
    C:\src\ClassicUO\tools\ghidra\ghidra_12.1_PUBLIC\Ghidra\Features\FileFormats\ghidra_scripts
    C:\src\ClassicUO\tools\ghidra\ghidra_12.1_PUBLIC\Ghidra\Processors\JVM\ghidra_scripts
    C:\src\ClassicUO\tools\ghidra\ghidra_12.1_PUBLIC\Ghidra\Processors\PIC\ghidra_scripts
    C:\src\ClassicUO\tools\ghidra\ghidra_12.1_PUBLIC\Ghidra\Features\PDB\ghidra_scripts
    C:\src\ClassicUO\tools\ghidra\ghidra_12.1_PUBLIC\Ghidra\Features\BytePatterns\ghidra_scripts
    C:\src\ClassicUO\tools\ghidra\ghidra_12.1_PUBLIC\Ghidra\Features\BSim\ghidra_scripts
    C:\src\ClassicUO\tools\ghidra\ghidra_12.1_PUBLIC\Ghidra\Features\GnuDemangler\ghidra_scripts
    C:\src\ClassicUO\tools\ghidra\ghidra_12.1_PUBLIC\Ghidra\Features\WildcardAssembler\ghidra_scripts
    C:\src\ClassicUO\tools\ghidra\ghidra_12.1_PUBLIC\Ghidra\Processors\DATA\ghidra_scripts
    C:\src\ClassicUO\tools\ghidra\ghidra_12.1_PUBLIC\Ghidra\Debug\Debugger\ghidra_scripts
    C:\src\ClassicUO\tools\ghidra\ghidra_12.1_PUBLIC\Ghidra\Processors\Atmel\ghidra_scripts
    C:\src\ClassicUO\tools\ghidra\ghidra_12.1_PUBLIC\Ghidra\Features\FunctionID\ghidra_scripts
    C:\src\ClassicUO\tools\ghidra\ghidra_12.1_PUBLIC\Ghidra\Features\VersionTracking\ghidra_scripts
    C:\src\ClassicUO\tools\ghidra\scripts
    C:\src\ClassicUO\tools\ghidra\ghidra_12.1_PUBLIC\Ghidra\Features\Base\ghidra_scripts
    C:\src\ClassicUO\tools\ghidra\ghidra_12.1_PUBLIC\Ghidra\Processors\8051\ghidra_scripts
    C:\src\ClassicUO\tools\ghidra\ghidra_12.1_PUBLIC\Ghidra\Features\Decompiler\ghidra_scripts
    C:\src\ClassicUO\tools\ghidra\ghidra_12.1_PUBLIC\Ghidra\Features\SystemEmulation\ghidra_scripts
    C:\src\ClassicUO\tools\ghidra\ghidra_12.1_PUBLIC\Ghidra\Debug\Debugger-rmi-trace\ghidra_scripts
    C:\src\ClassicUO\tools\ghidra\ghidra_12.1_PUBLIC\Ghidra\Features\DecompilerDependent\ghidra_scripts
    C:\src\ClassicUO\tools\ghidra\ghidra_12.1_PUBLIC\Ghidra\Features\SwiftDemangler\ghidra_scripts
    C:\src\ClassicUO\tools\ghidra\ghidra_12.1_PUBLIC\Ghidra\Features\PyGhidra\ghidra_scripts
    C:\src\ClassicUO\tools\ghidra\ghidra_12.1_PUBLIC\Ghidra\Features\MicrosoftCodeAnalyzer\ghidra_scripts (HeadlessAnalyzer)  
INFO  HEADLESS: execution starts (HeadlessAnalyzer)  
INFO  Opening existing project: C:\src\ClassicUO\tools\ghidra\project\UOSA_proj (HeadlessAnalyzer)  
INFO  Opening project: C:\src\ClassicUO\tools\ghidra\project\UOSA_proj (HeadlessProject)  
INFO  REPORT: Processing project file: /UOSA.exe (HeadlessAnalyzer)  
INFO  REPORT: Execute script: FullDump.java  (HeadlessAnalyzer)  
INFO  SCRIPT: C:\src\ClassicUO\tools\ghidra\scripts\FullDump.java (HeadlessAnalyzer)  
INFO  FullDump.java> indexed 14356 strings (GhidraScript)  
INFO  FullDump.java> functions to decompile: 48760 (GhidraScript)  
INFO  FullDump.java> decompiled 256/48760 (skip=0) 1s (GhidraScript)  
INFO  FullDump.java> decompiled 512/48760 (skip=4) 2s (GhidraScript)  
INFO  FullDump.java> decompiled 768/48760 (skip=6) 3s (GhidraScript)  
INFO  FullDump.java> decompiled 1024/48760 (skip=6) 4s (GhidraScript)  
INFO  FullDump.java> decompiled 1280/48760 (skip=7) 7s (GhidraScript)  
INFO  FullDump.java> decompiled 1536/48760 (skip=7) 8s (GhidraScript)  
INFO  FullDump.java> decompiled 1792/48760 (skip=7) 9s (GhidraScript)  
INFO  FullDump.java> decompiled 2048/48760 (skip=9) 12s (GhidraScript)  
INFO  FullDump.java> decompiled 2304/48760 (skip=9) 13s (GhidraScript)  
INFO  FullDump.java> decompiled 2560/48760 (skip=9) 15s (GhidraScript)  
INFO  FullDump.java> decompiled 2816/48760 (skip=10) 15s (GhidraScript)  
INFO  FullDump.java> decompiled 3072/48760 (skip=13) 19s (GhidraScript)  
INFO  FullDump.java> decompiled 3328/48760 (skip=13) 19s (GhidraScript)  
INFO  FullDump.java> decompiled 3584/48760 (skip=13) 20s (GhidraScript)  
INFO  FullDump.java> decompiled 3840/48760 (skip=13) 21s (GhidraScript)  
INFO  FullDump.java> decompiled 4096/48760 (skip=13) 22s (GhidraScript)  
INFO  FullDump.java> decompiled 4352/48760 (skip=13) 23s (GhidraScript)  
INFO  FullDump.java> decompiled 4608/48760 (skip=14) 27s (GhidraScript)  
INFO  FullDump.java> decompiled 4864/48760 (skip=14) 28s (GhidraScript)  
INFO  FullDump.java> decompiled 5120/48760 (skip=14) 29s (GhidraScript)  
INFO  FullDump.java> decompiled 5376/48760 (skip=15) 32s (GhidraScript)  
INFO  FullDump.java> decompiled 5632/48760 (skip=15) 34s (GhidraScript)  
INFO  FullDump.java> decompiled 5888/48760 (skip=15) 35s (GhidraScript)  
INFO  FullDump.java> decompiled 6144/48760 (skip=15) 36s (GhidraScript)  
INFO  FullDump.java> decompiled 6400/48760 (skip=15) 36s (GhidraScript)  
INFO  FullDump.java> decompiled 6656/48760 (skip=15) 37s (GhidraScript)  
INFO  FullDump.java> decompiled 6912/48760 (skip=15) 38s (GhidraScript)  
INFO  FullDump.java> decompiled 7168/48760 (skip=15) 39s (GhidraScript)  
INFO  FullDump.java> decompiled 7424/48760 (skip=15) 39s (GhidraScript)  
INFO  FullDump.java> decompiled 7680/48760 (skip=15) 40s (GhidraScript)  
INFO  FullDump.java> decompiled 7936/48760 (skip=15) 41s (GhidraScript)  
INFO  FullDump.java> decompiled 8192/48760 (skip=16) 42s (GhidraScript)  
INFO  FullDump.java> decompiled 8448/48760 (skip=19) 43s (GhidraScript)  
INFO  FullDump.java> decompiled 8704/48760 (skip=19) 44s (GhidraScript)  
INFO  FullDump.java> decompiled 8960/48760 (skip=19) 45s (GhidraScript)  
INFO  FullDump.java> decompiled 9216/48760 (skip=19) 46s (GhidraScript)  
INFO  FullDump.java> decompiled 9472/48760 (skip=19) 48s (GhidraScript)  
INFO  FullDump.java> decompiled 9728/48760 (skip=19) 50s (GhidraScript)  
INFO  FullDump.java> decompiled 9984/48760 (skip=20) 51s (GhidraScript)  
INFO  FullDump.java> decompiled 10240/48760 (skip=20) 52s (GhidraScript)  
INFO  FullDump.java> decompiled 10496/48760 (skip=23) 53s (GhidraScript)  
INFO  FullDump.java> decompiled 10752/48760 (skip=25) 54s (GhidraScript)  
INFO  FullDump.java> decompiled 11008/48760 (skip=25) 56s (GhidraScript)  
INFO  FullDump.java> decompiled 11264/48760 (skip=26) 57s (GhidraScript)  
INFO  FullDump.java> decompiled 11520/48760 (skip=26) 58s (GhidraScript)  
INFO  FullDump.java> decompiled 11776/48760 (skip=27) 59s (GhidraScript)  
INFO  FullDump.java> decompiled 12032/48760 (skip=35) 60s (GhidraScript)  
INFO  FullDump.java> decompiled 12288/48760 (skip=42) 61s (GhidraScript)  
INFO  FullDump.java> decompiled 12544/48760 (skip=53) 62s (GhidraScript)  
INFO  FullDump.java> decompiled 12800/48760 (skip=56) 63s (GhidraScript)  
INFO  FullDump.java> decompiled 13056/48760 (skip=56) 71s (GhidraScript)  
INFO  FullDump.java> decompiled 13312/48760 (skip=59) 72s (GhidraScript)  
WARN  Decompiling 006f9190: Unable to read bytes at ram:03020100 (DecompileCallback)  
INFO  FullDump.java> decompiled 13568/48760 (skip=63) 74s (GhidraScript)  
INFO  FullDump.java> decompiled 13824/48760 (skip=67) 75s (GhidraScript)  
INFO  FullDump.java> decompiled 14080/48760 (skip=67) 85s (GhidraScript)  
INFO  FullDump.java> decompiled 14336/48760 (skip=68) 86s (GhidraScript)  
INFO  FullDump.java> decompiled 14592/48760 (skip=70) 87s (GhidraScript)  
WARN  Decompiling 0078bad0: Unable to read bytes at ram:02020000 (DecompileCallback)  
WARN  Decompiling 0078bc90: Unable to read bytes at ram:02020000 (DecompileCallback)  
INFO  FullDump.java> decompiled 14848/48760 (skip=70) 89s (GhidraScript)  
INFO  FullDump.java> decompiled 15104/48760 (skip=70) 90s (GhidraScript)  
INFO  FullDump.java> decompiled 15360/48760 (skip=70) 91s (GhidraScript)  
INFO  FullDump.java> decompiled 15616/48760 (skip=70) 92s (GhidraScript)  
WARN  Decompiling 007de470: Unable to read bytes at ram:01010100 (DecompileCallback)  
INFO  FullDump.java> decompiled 15872/48760 (skip=70) 93s (GhidraScript)  
INFO  FullDump.java> decompiled 16128/48760 (skip=70) 95s (GhidraScript)  
INFO  FullDump.java> decompiled 16384/48760 (skip=70) 96s (GhidraScript)  
INFO  FullDump.java> decompiled 16640/48760 (skip=71) 97s (GhidraScript)  
INFO  FullDump.java> decompiled 16896/48760 (skip=74) 98s (GhidraScript)  
INFO  FullDump.java> decompiled 17152/48760 (skip=85) 99s (GhidraScript)  
INFO  FullDump.java> decompiled 17408/48760 (skip=88) 99s (GhidraScript)  
INFO  FullDump.java> decompiled 17664/48760 (skip=91) 100s (GhidraScript)  
INFO  FullDump.java> decompiled 17920/48760 (skip=97) 100s (GhidraScript)  
INFO  FullDump.java> decompiled 18176/48760 (skip=107) 101s (GhidraScript)  
INFO  FullDump.java> decompiled 18432/48760 (skip=114) 102s (GhidraScript)  
INFO  FullDump.java> decompiled 18688/48760 (skip=117) 102s (GhidraScript)  
INFO  FullDump.java> decompiled 18944/48760 (skip=122) 103s (GhidraScript)  
INFO  FullDump.java> decompiled 19200/48760 (skip=128) 104s (GhidraScript)  
INFO  FullDump.java> decompiled 19456/48760 (skip=139) 104s (GhidraScript)  
INFO  FullDump.java> decompiled 19712/48760 (skip=145) 105s (GhidraScript)  
INFO  FullDump.java> decompiled 19968/48760 (skip=148) 105s (GhidraScript)  
INFO  FullDump.java> decompiled 20224/48760 (skip=155) 106s (GhidraScript)  
INFO  FullDump.java> decompiled 20480/48760 (skip=164) 107s (GhidraScript)  
INFO  FullDump.java> decompiled 20736/48760 (skip=172) 108s (GhidraScript)  
INFO  FullDump.java> decompiled 20992/48760 (skip=176) 109s (GhidraScript)  
INFO  FullDump.java> decompiled 21248/48760 (skip=180) 110s (GhidraScript)  
INFO  FullDump.java> decompiled 21504/48760 (skip=184) 111s (GhidraScript)  
INFO  FullDump.java> decompiled 21760/48760 (skip=187) 112s (GhidraScript)  
INFO  FullDump.java> decompiled 22016/48760 (skip=198) 112s (GhidraScript)  
INFO  FullDump.java> decompiled 22272/48760 (skip=200) 113s (GhidraScript)  
INFO  FullDump.java> decompiled 22528/48760 (skip=202) 114s (GhidraScript)  
INFO  FullDump.java> decompiled 22784/48760 (skip=204) 115s (GhidraScript)  
INFO  FullDump.java> decompiled 23040/48760 (skip=205) 116s (GhidraScript)  
INFO  FullDump.java> decompiled 23296/48760 (skip=221) 116s (GhidraScript)  
INFO  FullDump.java> decompiled 23552/48760 (skip=221) 117s (GhidraScript)  
INFO  FullDump.java> decompiled 23808/48760 (skip=227) 117s (GhidraScript)  
INFO  FullDump.java> decompiled 24064/48760 (skip=234) 118s (GhidraScript)  
INFO  FullDump.java> decompiled 24320/48760 (skip=235) 119s (GhidraScript)  
INFO  FullDump.java> decompiled 24576/48760 (skip=235) 120s (GhidraScript)  
INFO  FullDump.java> decompiled 24832/48760 (skip=240) 121s (GhidraScript)  
INFO  FullDump.java> decompiled 25088/48760 (skip=242) 121s (GhidraScript)  
INFO  FullDump.java> decompiled 25344/48760 (skip=242) 122s (GhidraScript)  
INFO  FullDump.java> decompiled 25600/48760 (skip=255) 123s (GhidraScript)  
INFO  FullDump.java> decompiled 25856/48760 (skip=258) 123s (GhidraScript)  
INFO  FullDump.java> decompiled 26112/48760 (skip=260) 125s (GhidraScript)  
INFO  FullDump.java> decompiled 26368/48760 (skip=260) 126s (GhidraScript)  
INFO  FullDump.java> decompiled 26624/48760 (skip=260) 126s (GhidraScript)  
INFO  FullDump.java> decompiled 26880/48760 (skip=263) 127s (GhidraScript)  
INFO  FullDump.java> decompiled 27136/48760 (skip=264) 127s (GhidraScript)  
INFO  FullDump.java> decompiled 27392/48760 (skip=270) 127s (GhidraScript)  
INFO  FullDump.java> decompiled 27648/48760 (skip=273) 128s (GhidraScript)  
INFO  FullDump.java> decompiled 27904/48760 (skip=273) 129s (GhidraScript)  
INFO  FullDump.java> decompiled 28160/48760 (skip=274) 130s (GhidraScript)  
INFO  FullDump.java> decompiled 28416/48760 (skip=282) 130s (GhidraScript)  
INFO  FullDump.java> decompiled 28672/48760 (skip=283) 131s (GhidraScript)  
INFO  FullDump.java> decompiled 28928/48760 (skip=288) 132s (GhidraScript)  
INFO  FullDump.java> decompiled 29184/48760 (skip=292) 134s (GhidraScript)  
INFO  FullDump.java> decompiled 29440/48760 (skip=292) 140s (GhidraScript)  
INFO  FullDump.java> decompiled 29696/48760 (skip=292) 144s (GhidraScript)  
INFO  FullDump.java> decompiled 29952/48760 (skip=296) 145s (GhidraScript)  
INFO  FullDump.java> decompiled 30208/48760 (skip=298) 146s (GhidraScript)  
INFO  FullDump.java> decompiled 30464/48760 (skip=304) 146s (GhidraScript)  
INFO  FullDump.java> decompiled 30720/48760 (skip=304) 147s (GhidraScript)  
INFO  FullDump.java> decompiled 30976/48760 (skip=304) 149s (GhidraScript)  
INFO  FullDump.java> decompiled 31232/48760 (skip=304) 150s (GhidraScript)  
INFO  FullDump.java> decompiled 31488/48760 (skip=308) 151s (GhidraScript)  
INFO  FullDump.java> decompiled 31744/48760 (skip=308) 152s (GhidraScript)  
INFO  FullDump.java> decompiled 32000/48760 (skip=310) 153s (GhidraScript)  
INFO  FullDump.java> decompiled 32256/48760 (skip=311) 155s (GhidraScript)  
INFO  FullDump.java> decompiled 32512/48760 (skip=311) 156s (GhidraScript)  
INFO  FullDump.java> decompiled 32768/48760 (skip=335) 157s (GhidraScript)  
INFO  FullDump.java> decompiled 33024/48760 (skip=336) 158s (GhidraScript)  
INFO  FullDump.java> decompiled 33280/48760 (skip=355) 158s (GhidraScript)  
INFO  FullDump.java> decompiled 33536/48760 (skip=363) 159s (GhidraScript)  
INFO  FullDump.java> decompiled 33792/48760 (skip=366) 160s (GhidraScript)  
INFO  FullDump.java> decompiled 34048/48760 (skip=372) 161s (GhidraScript)  
INFO  FullDump.java> decompiled 34304/48760 (skip=380) 161s (GhidraScript)  
INFO  FullDump.java> decompiled 34560/48760 (skip=385) 163s (GhidraScript)  
INFO  FullDump.java> decompiled 34816/48760 (skip=385) 165s (GhidraScript)  
INFO  FullDump.java> decompiled 35072/48760 (skip=410) 167s (GhidraScript)  
INFO  FullDump.java> decompiled 35328/48760 (skip=416) 168s (GhidraScript)  
INFO  FullDump.java> decompiled 35584/48760 (skip=418) 169s (GhidraScript)  
INFO  FullDump.java> decompiled 35840/48760 (skip=419) 171s (GhidraScript)  
INFO  FullDump.java> decompiled 36096/48760 (skip=420) 172s (GhidraScript)  
WARN  Decompiling 00baa4da: Unable to read bytes at ram:03020100 (DecompileCallback)  
WARN  Decompiling 00baa4da: Unable to read bytes at ram:03020100 (DecompileCallback)  
WARN  Decompiling 00baa4da: Unable to read bytes at ram:54540100 (DecompileCallback)  
WARN  Decompiling 00baa4da: Unable to read bytes at ram:a9a90100 (DecompileCallback)  
WARN  Decompiling 00baa4da: Unable to read bytes at ram:03020100 (DecompileCallback)  
WARN  Decompiling 00bbc188: Unable to read bytes at ram:03020100 (DecompileCallback)  
WARN  Decompiling 00bbc188: Unable to read bytes at ram:03020100 (DecompileCallback)  
WARN  Decompiling 00bbc188: Unable to read bytes at ram:54545400 (DecompileCallback)  
WARN  Decompiling 00bbc188: Unable to read bytes at ram:a9a90100 (DecompileCallback)  
INFO  FullDump.java> decompiled 36352/48760 (skip=425) 295s (GhidraScript)  
INFO  FullDump.java> decompiled 36608/48760 (skip=427) 295s (GhidraScript)  
INFO  FullDump.java> decompiled 36864/48760 (skip=427) 295s (GhidraScript)  
INFO  FullDump.java> decompiled 37120/48760 (skip=427) 295s (GhidraScript)  
INFO  FullDump.java> decompiled 37376/48760 (skip=427) 296s (GhidraScript)  
INFO  FullDump.java> decompiled 37632/48760 (skip=432) 296s (GhidraScript)  
INFO  FullDump.java> decompiled 37888/48760 (skip=432) 296s (GhidraScript)  
INFO  FullDump.java> decompiled 38144/48760 (skip=432) 296s (GhidraScript)  
INFO  FullDump.java> decompiled 38400/48760 (skip=434) 296s (GhidraScript)  
INFO  FullDump.java> decompiled 38656/48760 (skip=435) 296s (GhidraScript)  
INFO  FullDump.java> decompiled 38912/48760 (skip=435) 296s (GhidraScript)  
INFO  FullDump.java> decompiled 39168/48760 (skip=435) 296s (GhidraScript)  
INFO  FullDump.java> decompiled 39424/48760 (skip=436) 297s (GhidraScript)  
INFO  FullDump.java> decompiled 39680/48760 (skip=438) 297s (GhidraScript)  
INFO  FullDump.java> decompiled 39936/48760 (skip=438) 297s (GhidraScript)  
INFO  FullDump.java> decompiled 40192/48760 (skip=438) 297s (GhidraScript)  
INFO  FullDump.java> decompiled 40448/48760 (skip=438) 297s (GhidraScript)  
INFO  FullDump.java> decompiled 40704/48760 (skip=438) 297s (GhidraScript)  
INFO  FullDump.java> decompiled 40960/48760 (skip=439) 297s (GhidraScript)  
INFO  FullDump.java> decompiled 41216/48760 (skip=442) 297s (GhidraScript)  
INFO  FullDump.java> decompiled 41472/48760 (skip=447) 297s (GhidraScript)  
INFO  FullDump.java> decompiled 41728/48760 (skip=449) 297s (GhidraScript)  
INFO  FullDump.java> decompiled 41984/48760 (skip=449) 298s (GhidraScript)  
INFO  FullDump.java> decompiled 42240/48760 (skip=449) 298s (GhidraScript)  
INFO  FullDump.java> decompiled 42496/48760 (skip=455) 298s (GhidraScript)  
INFO  FullDump.java> decompiled 42752/48760 (skip=456) 298s (GhidraScript)  
INFO  FullDump.java> decompiled 43008/48760 (skip=456) 298s (GhidraScript)  
INFO  FullDump.java> decompiled 43264/48760 (skip=456) 298s (GhidraScript)  
INFO  FullDump.java> decompiled 43520/48760 (skip=456) 298s (GhidraScript)  
INFO  FullDump.java> decompiled 43776/48760 (skip=456) 298s (GhidraScript)  
INFO  FullDump.java> decompiled 44032/48760 (skip=456) 298s (GhidraScript)  
INFO  FullDump.java> decompiled 44288/48760 (skip=457) 299s (GhidraScript)  
INFO  FullDump.java> decompiled 44544/48760 (skip=457) 299s (GhidraScript)  
INFO  FullDump.java> decompiled 44800/48760 (skip=457) 299s (GhidraScript)  
INFO  FullDump.java> decompiled 45056/48760 (skip=457) 299s (GhidraScript)  
INFO  FullDump.java> decompiled 45312/48760 (skip=457) 299s (GhidraScript)  
INFO  FullDump.java> decompiled 45568/48760 (skip=457) 299s (GhidraScript)  
INFO  FullDump.java> decompiled 45824/48760 (skip=457) 299s (GhidraScript)  
INFO  FullDump.java> decompiled 46080/48760 (skip=457) 299s (GhidraScript)  
INFO  FullDump.java> decompiled 46336/48760 (skip=457) 299s (GhidraScript)  
INFO  FullDump.java> decompiled 46592/48760 (skip=457) 299s (GhidraScript)  
INFO  FullDump.java> decompiled 46848/48760 (skip=457) 300s (GhidraScript)  
INFO  FullDump.java> decompiled 47104/48760 (skip=457) 300s (GhidraScript)  
INFO  FullDump.java> decompiled 47360/48760 (skip=457) 300s (GhidraScript)  
INFO  FullDump.java> decompiled 47616/48760 (skip=459) 300s (GhidraScript)  
INFO  FullDump.java> decompiled 47872/48760 (skip=484) 300s (GhidraScript)  
INFO  FullDump.java> DONE: 47877 functions in 300s -> C:\src\ClassicUO\tools\ghidra\ghidra_full.jsonl (GhidraScript)  
INFO  FullDump.java> index -> C:\src\ClassicUO\tools\ghidra\ghidra_full_index.json (GhidraScript)  
INFO  REPORT: Save succeeded for processed file: /UOSA.exe (HeadlessAnalyzer)  
