05/25/2026 18:50:59 |   Trace    | Running game...
WARNING: Validation layers not found, continuing without validation
SDL_GPU Driver: Vulkan
Vulkan Device: NVIDIA GeForce RTX 5080
Vulkan Driver: NVIDIA 595.71
Vulkan Conformance: 1.4.3
05/25/2026 18:51:00 |   Trace    | Ultima Online installation folder: C:\Games\Electronic Arts\Ultima Online Classic
05/25/2026 18:51:00 |   Trace    | Loading files...
05/25/2026 18:51:00 |   Trace    | Client path: 'C:\Games\Electronic Arts\Ultima Online Classic'
05/25/2026 18:51:00 |   Trace    | Client version: 117469952
05/25/2026 18:51:00 |   Trace    | Protocol: CF_RE, CF_TD, CF_LBR, CF_AOS, CF_SE, CF_SA
05/25/2026 18:51:00 |   Trace    | No Override File found, ignoring.
05/25/2026 18:51:00 |   Trace    | Enhanced Client assets folder: C:\Games\Electronic Arts\Ultima Online Enhanced
05/25/2026 18:51:00 |   Trace    | Loading file:		C:\Games\Electronic Arts\Ultima Online Classic\anim.mul
05/25/2026 18:51:00 |   Trace    | Loading file:		C:\Games\Electronic Arts\Ultima Online Classic\anim.idx
05/25/2026 18:51:00 |   Trace    | Loading file:		C:\Games\Electronic Arts\Ultima Online Classic\anim2.mul
05/25/2026 18:51:00 |   Trace    | Loading file:		C:\Games\Electronic Arts\Ultima Online Classic\anim2.idx
05/25/2026 18:51:00 |   Trace    | Loading file:		C:\Games\Electronic Arts\Ultima Online Classic\anim3.mul
05/25/2026 18:51:00 |   Trace    | Loading file:		C:\Games\Electronic Arts\Ultima Online Classic\anim3.idx
05/25/2026 18:51:00 |   Trace    | Loading file:		C:\Games\Electronic Arts\Ultima Online Classic\anim4.mul
05/25/2026 18:51:00 |   Trace    | Loading file:		C:\Games\Electronic Arts\Ultima Online Classic\anim4.idx
05/25/2026 18:51:00 |   Trace    | Loading file:		C:\Games\Electronic Arts\Ultima Online Classic\anim5.mul
05/25/2026 18:51:00 |   Trace    | Loading file:		C:\Games\Electronic Arts\Ultima Online Classic\anim5.idx
05/25/2026 18:51:00 |   Trace    | Loading file:		C:\Games\Electronic Arts\Ultima Online Classic\anim6.mul
05/25/2026 18:51:00 |   Trace    | Loading file:		C:\Games\Electronic Arts\Ultima Online Classic\anim6.idx
05/25/2026 18:51:00 |   Trace    | Loading file:		C:\Games\Electronic Arts\Ultima Online Classic\AnimationFrame1.uop
05/25/2026 18:51:00 |   Trace    | Loading file:		C:\Games\Electronic Arts\Ultima Online Classic\AnimationFrame2.uop
05/25/2026 18:51:00 |   Trace    | Loading file:		C:\Games\Electronic Arts\Ultima Online Classic\AnimationFrame3.uop
05/25/2026 18:51:00 |   Trace    | Loading file:		C:\Games\Electronic Arts\Ultima Online Classic\AnimationFrame4.uop
05/25/2026 18:51:00 |   Trace    | Loading file:		C:\Games\Electronic Arts\Ultima Online Classic\AnimationFrame6.uop
05/25/2026 18:51:00 |   Trace    | Loading file:		C:\Games\Electronic Arts\Ultima Online Classic\AnimationSequence.uop
05/25/2026 18:51:00 |   Trace    | Unloaded:		C:\Games\Electronic Arts\Ultima Online Classic\AnimationSequence.uop
05/25/2026 18:51:00 |   Trace    | Loading file:		C:\Games\Electronic Arts\Ultima Online Classic\animdata.mul
05/25/2026 18:51:00 |   Trace    | Loading file:		C:\Games\Electronic Arts\Ultima Online Classic\artLegacyMUL.uop
05/25/2026 18:51:00 |   Trace    | Loading file:		C:\Games\Electronic Arts\Ultima Online Enhanced\Texture.uop
05/25/2026 18:51:00 |   Trace    | EcArt: opened C:\Games\Electronic Arts\Ultima Online Enhanced\Texture.uop (81919 entries)
05/25/2026 18:51:00 |   Trace    | Loading file:		C:\Games\Electronic Arts\Ultima Online Enhanced\LegacyTexture.uop
05/25/2026 18:51:00 |   Trace    | EcArt: opened C:\Games\Electronic Arts\Ultima Online Enhanced\LegacyTexture.uop (81919 entries)
05/25/2026 18:51:00 |   Trace    | Loading file:		C:\Games\Electronic Arts\Ultima Online Enhanced\string_dictionary.uop
05/25/2026 18:51:00 |   Trace    | EcStringDictionary: loaded 119637 entries from C:\Games\Electronic Arts\Ultima Online Enhanced\string_dictionary.uop
05/25/2026 18:51:00 |   Trace    | Loading file:		C:\Games\Electronic Arts\Ultima Online Enhanced\tileart.uop
05/25/2026 18:51:00 |   Trace    | EcTileArt: opened C:\Games\Electronic Arts\Ultima Online Enhanced\tileart.uop (81919 entries)
05/25/2026 18:51:00 |   Trace    | Loading file:		C:\Games\Electronic Arts\Ultima Online Classic\map0LegacyMUL.uop
05/25/2026 18:51:00 |   Trace    | Loading file:		C:\Games\Electronic Arts\Ultima Online Classic\map0xLegacyMUL.uop
05/25/2026 18:51:00 |   Trace    | Loading file:		C:\Games\Electronic Arts\Ultima Online Classic\statics0.mul
05/25/2026 18:51:00 |   Trace    | Loading file:		C:\Games\Electronic Arts\Ultima Online Classic\staidx0.mul
05/25/2026 18:51:00 |   Trace    | Loading file:		C:\Games\Electronic Arts\Ultima Online Classic\statics0x.mul
05/25/2026 18:51:00 |   Trace    | Loading file:		C:\Games\Electronic Arts\Ultima Online Classic\staidx0x.mul
05/25/2026 18:51:00 |   Trace    | Loading file:		C:\Games\Electronic Arts\Ultima Online Classic\map1LegacyMUL.uop
05/25/2026 18:51:00 |   Trace    | Loading file:		C:\Games\Electronic Arts\Ultima Online Classic\map1xLegacyMUL.uop
05/25/2026 18:51:00 |   Trace    | Loading file:		C:\Games\Electronic Arts\Ultima Online Classic\statics1.mul
05/25/2026 18:51:00 |   Trace    | Loading file:		C:\Games\Electronic Arts\Ultima Online Classic\staidx1.mul
05/25/2026 18:51:00 |   Trace    | Loading file:		C:\Games\Electronic Arts\Ultima Online Classic\statics1x.mul
05/25/2026 18:51:00 |   Trace    | Loading file:		C:\Games\Electronic Arts\Ultima Online Classic\staidx1x.mul
05/25/2026 18:51:00 |   Trace    | Loading file:		C:\Games\Electronic Arts\Ultima Online Classic\map2LegacyMUL.uop
05/25/2026 18:51:00 |   Trace    | Loading file:		C:\Games\Electronic Arts\Ultima Online Classic\map2xLegacyMUL.uop
05/25/2026 18:51:00 |   Trace    | Loading file:		C:\Games\Electronic Arts\Ultima Online Classic\statics2.mul
05/25/2026 18:51:00 |   Trace    | Loading file:		C:\Games\Electronic Arts\Ultima Online Classic\staidx2.mul
05/25/2026 18:51:00 |   Trace    | Loading file:		C:\Games\Electronic Arts\Ultima Online Classic\statics2x.mul
05/25/2026 18:51:00 |   Trace    | Loading file:		C:\Games\Electronic Arts\Ultima Online Classic\staidx2x.mul
05/25/2026 18:51:00 |   Trace    | Loading file:		C:\Games\Electronic Arts\Ultima Online Classic\map3LegacyMUL.uop
05/25/2026 18:51:00 |   Trace    | Loading file:		C:\Games\Electronic Arts\Ultima Online Classic\statics3.mul
05/25/2026 18:51:00 |   Trace    | Loading file:		C:\Games\Electronic Arts\Ultima Online Classic\staidx3.mul
05/25/2026 18:51:00 |   Trace    | Loading file:		C:\Games\Electronic Arts\Ultima Online Classic\map4LegacyMUL.uop
05/25/2026 18:51:00 |   Trace    | Loading file:		C:\Games\Electronic Arts\Ultima Online Classic\statics4.mul
05/25/2026 18:51:00 |   Trace    | Loading file:		C:\Games\Electronic Arts\Ultima Online Classic\staidx4.mul
05/25/2026 18:51:00 |   Trace    | Loading file:		C:\Games\Electronic Arts\Ultima Online Classic\map5LegacyMUL.uop
05/25/2026 18:51:00 |   Trace    | Loading file:		C:\Games\Electronic Arts\Ultima Online Classic\map5xLegacyMUL.uop
05/25/2026 18:51:00 |   Trace    | Loading file:		C:\Games\Electronic Arts\Ultima Online Classic\statics5.mul
05/25/2026 18:51:00 |   Trace    | Loading file:		C:\Games\Electronic Arts\Ultima Online Classic\staidx5.mul
05/25/2026 18:51:00 |   Trace    | Loading file:		C:\Games\Electronic Arts\Ultima Online Classic\statics5x.mul
05/25/2026 18:51:00 |   Trace    | Loading file:		C:\Games\Electronic Arts\Ultima Online Classic\staidx5x.mul
05/25/2026 18:51:00 |   Trace    | searching for: 'Cliloc.IVL'
05/25/2026 18:51:00 |   Warning  | 'Cliloc.IVL' not found. Rolled back to Cliloc.enu
05/25/2026 18:51:01 |   Trace    | Loading file:		C:\Games\Electronic Arts\Ultima Online Classic\gumpartLegacyMUL.uop
05/25/2026 18:51:01 |   Trace    | Loading file:		C:\Games\Electronic Arts\Ultima Online Classic\fonts.mul
05/25/2026 18:51:01 |   Trace    | Loading file:		C:\Games\Electronic Arts\Ultima Online Classic\unifont.mul
05/25/2026 18:51:01 |   Trace    | Loading file:		C:\Games\Electronic Arts\Ultima Online Classic\unifont1.mul
05/25/2026 18:51:01 |   Trace    | Loading file:		C:\Games\Electronic Arts\Ultima Online Classic\unifont2.mul
05/25/2026 18:51:01 |   Trace    | Loading file:		C:\Games\Electronic Arts\Ultima Online Classic\unifont3.mul
05/25/2026 18:51:01 |   Trace    | Loading file:		C:\Games\Electronic Arts\Ultima Online Classic\unifont4.mul
05/25/2026 18:51:01 |   Trace    | Loading file:		C:\Games\Electronic Arts\Ultima Online Classic\unifont5.mul
05/25/2026 18:51:01 |   Trace    | Loading file:		C:\Games\Electronic Arts\Ultima Online Classic\unifont6.mul
05/25/2026 18:51:01 |   Trace    | Loading file:		C:\Games\Electronic Arts\Ultima Online Classic\unifont7.mul
05/25/2026 18:51:01 |   Trace    | Loading file:		C:\Games\Electronic Arts\Ultima Online Classic\unifont8.mul
05/25/2026 18:51:01 |   Trace    | Loading file:		C:\Games\Electronic Arts\Ultima Online Classic\unifont9.mul
05/25/2026 18:51:01 |   Trace    | Loading file:		C:\Games\Electronic Arts\Ultima Online Classic\unifont10.mul
05/25/2026 18:51:01 |   Trace    | Loading file:		C:\Games\Electronic Arts\Ultima Online Classic\unifont11.mul
05/25/2026 18:51:01 |   Trace    | Loading file:		C:\Games\Electronic Arts\Ultima Online Classic\unifont12.mul
05/25/2026 18:51:01 |   Trace    | Loading file:		C:\Games\Electronic Arts\Ultima Online Classic\hues.mul
05/25/2026 18:51:01 |   Trace    | Loading file:		C:\Games\Electronic Arts\Ultima Online Classic\radarcol.mul
05/25/2026 18:51:01 |   Trace    | Unloaded:		C:\Games\Electronic Arts\Ultima Online Classic\radarcol.mul
05/25/2026 18:51:01 |   Trace    | Unloaded:		C:\Games\Electronic Arts\Ultima Online Classic\hues.mul
05/25/2026 18:51:01 |   Trace    | Loading file:		C:\Games\Electronic Arts\Ultima Online Classic\tiledata.mul
05/25/2026 18:51:01 |   Trace    | Unloaded:		C:\Games\Electronic Arts\Ultima Online Classic\tiledata.mul
05/25/2026 18:51:01 |   Trace    | Loading file:		C:\Games\Electronic Arts\Ultima Online Classic\MultiCollection.uop
05/25/2026 18:51:01 |   Trace    | Loading file:		C:\Games\Electronic Arts\Ultima Online Classic\skills.mul
05/25/2026 18:51:01 |   Trace    | Loading file:		C:\Games\Electronic Arts\Ultima Online Classic\Skills.idx
05/25/2026 18:51:01 |   Trace    | Loading file:		C:\Games\Electronic Arts\Ultima Online Classic\texmaps.mul
05/25/2026 18:51:01 |   Trace    | Loading file:		C:\Games\Electronic Arts\Ultima Online Classic\texidx.mul
05/25/2026 18:51:01 |   Trace    | Loading file:		C:\Games\Electronic Arts\Ultima Online Classic\speech.mul
05/25/2026 18:51:01 |   Trace    | Unloaded:		C:\Games\Electronic Arts\Ultima Online Classic\speech.mul
05/25/2026 18:51:01 |   Trace    | Loading file:		C:\Games\Electronic Arts\Ultima Online Classic\light.mul
05/25/2026 18:51:01 |   Trace    | Loading file:		C:\Games\Electronic Arts\Ultima Online Classic\lightidx.mul
05/25/2026 18:51:01 |   Trace    | Loading file:		C:\Games\Electronic Arts\Ultima Online Classic\soundLegacyMUL.uop
05/25/2026 18:51:01 |   Debug    | Loading music:		C:\Games\Electronic Arts\Ultima Online Classic/Music\Digital\Turfin.mp3
05/25/2026 18:51:01 |   Debug    | Loading music:		C:\Games\Electronic Arts\Ultima Online Classic/Music\Digital\Turfin.mp3
05/25/2026 18:51:01 |   Debug    | Loading music:		C:\Games\Electronic Arts\Ultima Online Classic/Music\Digital\Turfin.mp3
05/25/2026 18:51:01 |   Debug    | Loading music:		C:\Games\Electronic Arts\Ultima Online Classic/Music\Digital\Turfin.mp3
05/25/2026 18:51:01 |   Debug    | Loading music:		C:\Games\Electronic Arts\Ultima Online Classic/Music\Digital\Turfin.mp3
05/25/2026 18:51:01 |   Debug    | Loading music:		C:\Games\Electronic Arts\Ultima Online Classic/Music\Digital\Turfin.mp3
05/25/2026 18:51:01 |   Debug    | Loading music:		C:\Games\Electronic Arts\Ultima Online Classic/Music\Digital\Turfin.mp3
05/25/2026 18:51:01 |   Debug    | Loading music:		C:\Games\Electronic Arts\Ultima Online Classic/Music\Digital\Turfin.mp3
05/25/2026 18:51:01 |   Debug    | Loading music:		C:\Games\Electronic Arts\Ultima Online Classic/Music\Digital\Stones1.mp3
05/25/2026 18:51:01 |   Debug    | Loading music:		C:\Games\Electronic Arts\Ultima Online Classic/Music\Digital\Britainpos.mp3
05/25/2026 18:51:01 |   Debug    | Loading music:		C:\Games\Electronic Arts\Ultima Online Classic/Music\Digital\Britain1.mp3
05/25/2026 18:51:01 |   Debug    | Loading music:		C:\Games\Electronic Arts\Ultima Online Classic/Music\Digital\Bucsden.mp3
05/25/2026 18:51:01 |   Debug    | Loading music:		C:\Games\Electronic Arts\Ultima Online Classic/Music\Digital\Jhelom.mp3
05/25/2026 18:51:01 |   Debug    | Loading music:		C:\Games\Electronic Arts\Ultima Online Classic/Music\Digital\Lbc.mp3
05/25/2026 18:51:01 |   Debug    | Loading music:		C:\Games\Electronic Arts\Ultima Online Classic/Music\Digital\Linelle.mp3
05/25/2026 18:51:01 |   Debug    | Loading music:		C:\Games\Electronic Arts\Ultima Online Classic/Music\Digital\Newmagincia.mp3
05/25/2026 18:51:01 |   Debug    | Loading music:		C:\Games\Electronic Arts\Ultima Online Classic/Music\Digital\Minocpos.mp3
05/25/2026 18:51:01 |   Debug    | Loading music:		C:\Games\Electronic Arts\Ultima Online Classic/Music\Digital\Valoriapos.mp3
05/25/2026 18:51:01 |   Debug    | Loading music:		C:\Games\Electronic Arts\Ultima Online Classic/Music\Digital\Ambrosia.mp3
05/25/2026 18:51:01 |   Debug    | Loading music:		C:\Games\Electronic Arts\Ultima Online Classic/Music\Digital\Stones.mp3
05/25/2026 18:51:01 |   Debug    | Loading music:		C:\Games\Electronic Arts\Ultima Online Classic/Music\Digital\Scarabreapos.mp3
05/25/2026 18:51:01 |   Debug    | Loading music:		C:\Games\Electronic Arts\Ultima Online Classic/Music\Digital\Trinsicpos.mp3
05/25/2026 18:51:01 |   Debug    | Loading music:		C:\Games\Electronic Arts\Ultima Online Classic/Music\Digital\Vesper1.mp3
05/25/2026 18:51:01 |   Debug    | Loading music:		C:\Games\Electronic Arts\Ultima Online Classic/Music\Digital\Yew1.mp3
05/25/2026 18:51:01 |   Debug    | Loading music:		C:\Games\Electronic Arts\Ultima Online Classic/Music\Digital\Yewpos.mp3
05/25/2026 18:51:01 |   Debug    | Loading music:		C:\Games\Electronic Arts\Ultima Online Classic/Music\Digital\Dungeon.mp3
05/25/2026 18:51:01 |   Debug    | Loading music:		C:\Games\Electronic Arts\Ultima Online Classic/Music\Digital\Dragonshi.mp3
05/25/2026 18:51:01 |   Debug    | Loading music:		C:\Games\Electronic Arts\Ultima Online Classic/Music\Digital\Citynightedit.mp3
05/25/2026 18:51:01 |   Debug    | Loading music:		C:\Games\Electronic Arts\Ultima Online Classic/Music\Digital\Walking.mp3
05/25/2026 18:51:01 |   Debug    | Loading music:		C:\Games\Electronic Arts\Ultima Online Classic/Music\Digital\Citynightedit.mp3
05/25/2026 18:51:01 |   Debug    | Loading music:		C:\Games\Electronic Arts\Ultima Online Classic/Music\Digital\Walking.mp3
05/25/2026 18:51:01 |   Debug    | Loading music:		C:\Games\Electronic Arts\Ultima Online Classic/Music\Digital\Citynightedit.mp3
05/25/2026 18:51:01 |   Debug    | Loading music:		C:\Games\Electronic Arts\Ultima Online Classic/Music\Digital\Boattravel.mp3
05/25/2026 18:51:01 |   Debug    | Loading music:		C:\Games\Electronic Arts\Ultima Online Classic/Music\Digital\Citynightedit.mp3
05/25/2026 18:51:01 |   Debug    | Loading music:		C:\Games\Electronic Arts\Ultima Online Classic/Music\Digital\Tavern1.mp3
05/25/2026 18:51:01 |   Debug    | Loading music:		C:\Games\Electronic Arts\Ultima Online Classic/Music\Digital\Tavern2.mp3
05/25/2026 18:51:01 |   Debug    | Loading music:		C:\Games\Electronic Arts\Ultima Online Classic/Music\Digital\Tavern3.mp3
05/25/2026 18:51:01 |   Debug    | Loading music:		C:\Games\Electronic Arts\Ultima Online Classic/Music\Digital\Pubtune.mp3
05/25/2026 18:51:01 |   Debug    | Loading music:		C:\Games\Electronic Arts\Ultima Online Classic/Music\Digital\Goodevil.mp3
05/25/2026 18:51:01 |   Debug    | Loading music:		C:\Games\Electronic Arts\Ultima Online Classic/Music\Digital\Humanoids.mp3
05/25/2026 18:51:01 |   Debug    | Loading music:		C:\Games\Electronic Arts\Ultima Online Classic/Music\Digital\Gargoyles.mp3
05/25/2026 18:51:01 |   Debug    | Loading music:		C:\Games\Electronic Arts\Ultima Online Classic/Music\Digital\Turfin.mp3
05/25/2026 18:51:01 |   Debug    | Loading music:		C:\Games\Electronic Arts\Ultima Online Classic/Music\Digital\Deathtune.mp3
05/25/2026 18:51:01 |   Debug    | Loading music:		C:\Games\Electronic Arts\Ultima Online Classic/Music\Digital\Victory.mp3
05/25/2026 18:51:01 |   Debug    | Loading music:		C:\Games\Electronic Arts\Ultima Online Classic/Music\Digital\Overlordv2.mp3
05/25/2026 18:51:01 |   Debug    | Loading music:		C:\Games\Electronic Arts\Ultima Online Classic/Music\Digital\Nujelm.mp3
05/25/2026 18:51:01 |   Debug    | Loading music:		C:\Games\Electronic Arts\Ultima Online Classic/Music\Digital\Dragonslo.mp3
05/25/2026 18:51:01 |   Debug    | Loading music:		C:\Games\Electronic Arts\Ultima Online Classic/Music\Digital\Cove.mp3
05/25/2026 18:51:01 |   Debug    | Loading music:		C:\Games\Electronic Arts\Ultima Online Classic/Music\Digital\Moonglowpos.mp3
05/25/2026 18:51:01 |   Debug    | Loading music:		C:\Games\Electronic Arts\Ultima Online Classic/Music\Digital\Zento.mp3
05/25/2026 18:51:01 |   Debug    | Loading music:		C:\Games\Electronic Arts\Ultima Online Classic/Music\Digital\TokunoDungeon.mp3
05/25/2026 18:51:01 |   Debug    | Loading music:		C:\Games\Electronic Arts\Ultima Online Classic/Music\Digital\Taiko.mp3
05/25/2026 18:51:01 |   Debug    | Loading music:		C:\Games\Electronic Arts\Ultima Online Classic/Music\Digital\dread_horn_area.mp3
05/25/2026 18:51:01 |   Debug    | Loading music:		C:\Games\Electronic Arts\Ultima Online Classic/Music\Digital\elf_city_1.mp3
05/25/2026 18:51:01 |   Debug    | Loading music:		C:\Games\Electronic Arts\Ultima Online Classic/Music\Digital\grizzle_dungeon.mp3
05/25/2026 18:51:01 |   Debug    | Loading music:		C:\Games\Electronic Arts\Ultima Online Classic/Music\Digital\melisandes_lair.mp3
05/25/2026 18:51:01 |   Debug    | Loading music:		C:\Games\Electronic Arts\Ultima Online Classic/Music\Digital\paroxysmus_lair.mp3
05/25/2026 18:51:01 |   Debug    | Loading music:		C:\Games\Electronic Arts\Ultima Online Classic/Music\Digital\ConversationWithGwenno.mp3
05/25/2026 18:51:01 |   Debug    | Loading music:		C:\Games\Electronic Arts\Ultima Online Classic/Music\Digital\GoodEndGame.mp3
05/25/2026 18:51:01 |   Debug    | Loading music:		C:\Games\Electronic Arts\Ultima Online Classic/Music\Digital\GoodVsEvil.mp3
05/25/2026 18:51:01 |   Debug    | Loading music:		C:\Games\Electronic Arts\Ultima Online Classic/Music\Digital\GreatEarthSerpentsTheme.mp3
05/25/2026 18:51:01 |   Debug    | Loading music:		C:\Games\Electronic Arts\Ultima Online Classic/Music\Digital\HumanoidsU9.mp3
05/25/2026 18:51:01 |   Debug    | Loading music:		C:\Games\Electronic Arts\Ultima Online Classic/Music\Digital\MinocNegative.mp3
05/25/2026 18:51:01 |   Debug    | Loading music:		C:\Games\Electronic Arts\Ultima Online Classic/Music\Digital\Paws.mp3
05/25/2026 18:51:01 |   Debug    | Loading music:		C:\Games\Electronic Arts\Ultima Online Classic/Music\Digital\UltimaVIISerpentIsleCombat.mp3
05/25/2026 18:51:01 |   Debug    | Loading music:		C:\Games\Electronic Arts\Ultima Online Classic/Music\Digital\ValoriaShips.mp3
05/25/2026 18:51:01 |   Debug    | Loading music:		C:\Games\Electronic Arts\Ultima Online Classic/Music\Digital\TheWanderer.mp3
05/25/2026 18:51:01 |   Debug    | Loading music:		C:\Games\Electronic Arts\Ultima Online Classic/Music\Digital\Castle.mp3
05/25/2026 18:51:01 |   Debug    | Loading music:		C:\Games\Electronic Arts\Ultima Online Classic/Music\Digital\Festival.mp3
05/25/2026 18:51:01 |   Debug    | Loading music:		C:\Games\Electronic Arts\Ultima Online Classic/Music\Digital\Honor.mp3
05/25/2026 18:51:01 |   Debug    | Loading music:		C:\Games\Electronic Arts\Ultima Online Classic/Music\Digital\Medieval.mp3
05/25/2026 18:51:01 |   Debug    | Loading music:		C:\Games\Electronic Arts\Ultima Online Classic/Music\Digital\BattleOnStones.mp3
05/25/2026 18:51:01 |   Debug    | Loading music:		C:\Games\Electronic Arts\Ultima Online Classic/Music\Digital\Docktown.mp3
05/25/2026 18:51:01 |   Debug    | Loading music:		C:\Games\Electronic Arts\Ultima Online Classic/Music\Digital\GargoyleQueen.mp3
05/25/2026 18:51:01 |   Debug    | Loading music:		C:\Games\Electronic Arts\Ultima Online Classic/Music\Digital\GenericCombat.mp3
05/25/2026 18:51:01 |   Debug    | Loading music:		C:\Games\Electronic Arts\Ultima Online Classic/Music\Digital\Holycity.mp3
05/25/2026 18:51:01 |   Debug    | Loading music:		C:\Games\Electronic Arts\Ultima Online Classic/Music\Digital\HumanLevel.mp3
05/25/2026 18:51:01 |   Debug    | Loading music:		C:\Games\Electronic Arts\Ultima Online Classic/Music\Digital\LoginLoop.mp3
05/25/2026 18:51:01 |   Debug    | Loading music:		C:\Games\Electronic Arts\Ultima Online Classic/Music\Digital\NorthernForestBattleonStones.mp3
05/25/2026 18:51:01 |   Debug    | Loading music:		C:\Games\Electronic Arts\Ultima Online Classic/Music\Digital\PrimevalLich.mp3
05/25/2026 18:51:01 |   Debug    | Loading music:		C:\Games\Electronic Arts\Ultima Online Classic/Music\Digital\QueenPalace.mp3
05/25/2026 18:51:01 |   Debug    | Loading music:		C:\Games\Electronic Arts\Ultima Online Classic/Music\Digital\RoyalCity.mp3
05/25/2026 18:51:01 |   Debug    | Loading music:		C:\Games\Electronic Arts\Ultima Online Classic/Music\Digital\SlasherVeil.mp3
05/25/2026 18:51:01 |   Debug    | Loading music:		C:\Games\Electronic Arts\Ultima Online Classic/Music\Digital\StygianAbyss.mp3
05/25/2026 18:51:01 |   Debug    | Loading music:		C:\Games\Electronic Arts\Ultima Online Classic/Music\Digital\StygianDragon.mp3
05/25/2026 18:51:01 |   Debug    | Loading music:		C:\Games\Electronic Arts\Ultima Online Classic/Music\Digital\Void.mp3
05/25/2026 18:51:01 |   Debug    | Loading music:		C:\Games\Electronic Arts\Ultima Online Classic/Music\Digital\CodexShrine.mp3
05/25/2026 18:51:01 |   Debug    | Loading music:		C:\Games\Electronic Arts\Ultima Online Classic/Music\Digital\AnvilStrikeInMinoc.mp3
05/25/2026 18:51:01 |   Debug    | Loading music:		C:\Games\Electronic Arts\Ultima Online Classic/Music\Digital\ASkaranLullaby.mp3
05/25/2026 18:51:01 |   Debug    | Loading music:		C:\Games\Electronic Arts\Ultima Online Classic/Music\Digital\BlackthornsMarch.mp3
05/25/2026 18:51:01 |   Debug    | Loading music:		C:\Games\Electronic Arts\Ultima Online Classic/Music\Digital\DupresNightInTrinsic.mp3
05/25/2026 18:51:01 |   Debug    | Loading music:		C:\Games\Electronic Arts\Ultima Online Classic/Music\Digital\FayaxionAndTheSix.mp3
05/25/2026 18:51:01 |   Debug    | Loading music:		C:\Games\Electronic Arts\Ultima Online Classic/Music\Digital\FlightOfTheNexus.mp3
05/25/2026 18:51:01 |   Debug    | Loading music:		C:\Games\Electronic Arts\Ultima Online Classic/Music\Digital\GalehavenJaunt.mp3
05/25/2026 18:51:01 |   Debug    | Loading music:		C:\Games\Electronic Arts\Ultima Online Classic/Music\Digital\JhelomToArms.mp3
05/25/2026 18:51:01 |   Debug    | Loading music:		C:\Games\Electronic Arts\Ultima Online Classic/Music\Digital\MidnightInYew.mp3
05/25/2026 18:51:01 |   Debug    | Loading music:		C:\Games\Electronic Arts\Ultima Online Classic/Music\Digital\MoonglowSonata.mp3
05/25/2026 18:51:01 |   Debug    | Loading music:		C:\Games\Electronic Arts\Ultima Online Classic/Music\Digital\NewMaginciaMarch.mp3
05/25/2026 18:51:01 |   Debug    | Loading music:		C:\Games\Electronic Arts\Ultima Online Classic/Music\Digital\NujelmWaltz.mp3
05/25/2026 18:51:01 |   Debug    | Loading music:		C:\Games\Electronic Arts\Ultima Online Classic/Music\Digital\SherrysSong.mp3
05/25/2026 18:51:01 |   Debug    | Loading music:		C:\Games\Electronic Arts\Ultima Online Classic/Music\Digital\StarlightInBritain.mp3
05/25/2026 18:51:01 |   Debug    | Loading music:		C:\Games\Electronic Arts\Ultima Online Classic/Music\Digital\TheVesperMist.mp3
05/25/2026 18:51:01 |   Debug    | Loading music:		C:\Games\Electronic Arts\Ultima Online Classic/Music\Digital\Townlife.mp3
05/25/2026 18:51:01 |   Debug    | Loading music:		C:\Games\Electronic Arts\Ultima Online Classic/Music\Digital\DungeonOutpost.mp3
05/25/2026 18:51:01 |   Trace    | Loading file:		C:\Games\Electronic Arts\Ultima Online Classic\Multimap.rle
05/25/2026 18:51:01 |   Trace    | Loading file:		C:\Games\Electronic Arts\Ultima Online Classic\facet00.mul
05/25/2026 18:51:01 |   Trace    | Loading file:		C:\Games\Electronic Arts\Ultima Online Classic\facet01.mul
05/25/2026 18:51:01 |   Trace    | Loading file:		C:\Games\Electronic Arts\Ultima Online Classic\facet02.mul
05/25/2026 18:51:01 |   Trace    | Loading file:		C:\Games\Electronic Arts\Ultima Online Classic\facet03.mul
05/25/2026 18:51:01 |   Trace    | Loading file:		C:\Games\Electronic Arts\Ultima Online Classic\facet04.mul
05/25/2026 18:51:01 |   Trace    | Loading file:		C:\Games\Electronic Arts\Ultima Online Classic\facet05.mul
05/25/2026 18:51:01 |   Trace    | Loading file:		C:\Games\Electronic Arts\Ultima Online Classic\tileart.uop
05/25/2026 18:51:01 |   Trace    | Loading file:		C:\Games\Electronic Arts\Ultima Online Classic\string_dictionary.uop
05/25/2026 18:51:01 |   Trace    | Unloaded:		C:\Games\Electronic Arts\Ultima Online Classic\string_dictionary.uop
05/25/2026 18:51:01 |   Trace    | Use verdata.mul: No
05/25/2026 18:51:01 |   Trace    | Files loaded in: 1315 ms!
05/25/2026 18:51:01 |   Trace    | Setup packet for UltimaLive
05/25/2026 18:51:01 |   Trace    | EC Art: disabled  (press F11 in game to toggle)
05/25/2026 18:51:01 |   Trace    | Network calibration...
05/25/2026 18:51:01 |   Trace    | Loading plugins...
05/25/2026 18:51:01 |   Error    | Plugin 'C:\src\ClassicUO\bin\Debug\net10.0\Data\Plugins\Assistant\Razor.dll' not found.
05/25/2026 18:51:01 |   Trace    | Done!
05/25/2026 18:51:02 |   Trace    | creating texture: 4096x4096 Color
AUDIO ADDED: 15
AUDIO ADDED: 19
AUDIO ADDED: 23
AUDIO ADDED: 26
05/25/2026 18:51:02 |   Trace    | creating texture: 2048x2048 Color
